<?xml version="1.0" encoding="UTF-8"?>
<!-- Generated by org.testng.reporters.JUnitReportReporter -->
<testsuite skipped="0" hostname="Admin-PC" name="execution.ExecuteERPtest" tests="6" failures="0" timestamp="2020-08-11T18:20:25 IST" time="30.207" errors="0">
  <testcase name="createUser" time="6.078" classname="execution.ExecuteERPtest"/>
  <system-out/>
  <testcase name="clickOnSettings" time="4.130" classname="execution.ExecuteERPtest"/>
  <system-out/>
  <testcase name="ClickOnCompanyProfile" time="8.841" classname="execution.ExecuteERPtest"/>
  <system-out/>
  <testcase name="setCompanyProfile" time="4.938" classname="execution.ExecuteERPtest"/>
  <system-out/>
  <testcase name="LoginTest" time="1.912" classname="execution.ExecuteERPtest"/>
  <system-out/>
  <testcase name="assignAdminrole" time="4.308" classname="execution.ExecuteERPtest"/>
  <system-out/>
</testsuite> <!-- execution.ExecuteERPtest -->
